2024-03-22 20:21:02,996 [Worker-1: Loading available Gradle versions] INFO  o.e.b.c.i.u.g.PublishedGradleVersions - Gradle version information cache is up-to-date. Trying to read.
2024-03-23 01:44:02,102 [Worker-6: Loading available Gradle versions] INFO  o.e.b.c.i.u.g.PublishedGradleVersions - Gradle version information cache is up-to-date. Trying to read.
2024-03-23 10:55:58,772 [Worker-2: Loading available Gradle versions] INFO  o.e.b.c.i.u.g.PublishedGradleVersions - Gradle version information cache is up-to-date. Trying to read.
2024-03-23 11:07:16,515 [ModalContext] INFO  o.e.m.c.i.e.AbstractTransferListenerAdapter - Downloaded https://repo.maven.apache.org/maven2/org/apache/maven/archetypes/maven-archetype-webapp/1.0/maven-archetype-webapp-1.0.pom
2024-03-23 11:08:06,943 [Worker-1: Launching mavenrun-4733c44a-9fad-4235-9696-bb41ad586d5a] INFO  o.eclipse.m2e.core.internal.Bundles - getClasspathEntries(Bundle=org.eclipse.m2e.maven.runtime_3.9.600.20231203-1234 [635])
2024-03-23 11:08:06,947 [Worker-1: Launching mavenrun-4733c44a-9fad-4235-9696-bb41ad586d5a] INFO  o.eclipse.m2e.core.internal.Bundles - 	Entry: C:\Users\manoj\.p2\pool\plugins\org.eclipse.m2e.maven.runtime_3.9.600.20231203-1234
2024-03-23 11:08:06,948 [Worker-1: Launching mavenrun-4733c44a-9fad-4235-9696-bb41ad586d5a] INFO  o.eclipse.m2e.core.internal.Bundles - 	Entry: C:\Users\manoj\.p2\pool\plugins\org.eclipse.m2e.maven.runtime_3.9.600.20231203-1234\jars\aopalliance-1.0.jar
2024-03-23 11:08:06,950 [Worker-1: Launching mavenrun-4733c44a-9fad-4235-9696-bb41ad586d5a] INFO  o.eclipse.m2e.core.internal.Bundles - 	Entry: C:\Users\manoj\.p2\pool\plugins\org.eclipse.m2e.maven.runtime_3.9.600.20231203-1234\jars\guice-5.1.0.jar
2024-03-23 11:08:06,954 [Worker-1: Launching mavenrun-4733c44a-9fad-4235-9696-bb41ad586d5a] INFO  o.eclipse.m2e.core.internal.Bundles - 	Entry: C:\Users\manoj\.p2\pool\plugins\org.eclipse.m2e.maven.runtime_3.9.600.20231203-1234\jars\httpclient-4.5.14.jar
2024-03-23 11:08:06,955 [Worker-1: Launching mavenrun-4733c44a-9fad-4235-9696-bb41ad586d5a] INFO  o.eclipse.m2e.core.internal.Bundles - 	Entry: C:\Users\manoj\.p2\pool\plugins\org.eclipse.m2e.maven.runtime_3.9.600.20231203-1234\jars\httpcore-4.4.16.jar
2024-03-23 11:08:06,956 [Worker-1: Launching mavenrun-4733c44a-9fad-4235-9696-bb41ad586d5a] INFO  o.eclipse.m2e.core.internal.Bundles - 	Entry: C:\Users\manoj\.p2\pool\plugins\org.eclipse.m2e.maven.runtime_3.9.600.20231203-1234\jars\jansi-2.4.0.jar
2024-03-23 11:08:06,958 [Worker-1: Launching mavenrun-4733c44a-9fad-4235-9696-bb41ad586d5a] INFO  o.eclipse.m2e.core.internal.Bundles - 	Entry: C:\Users\manoj\.p2\pool\plugins\org.eclipse.m2e.maven.runtime_3.9.600.20231203-1234\jars\jcl-over-slf4j-1.7.36.jar
2024-03-23 11:08:06,959 [Worker-1: Launching mavenrun-4733c44a-9fad-4235-9696-bb41ad586d5a] INFO  o.eclipse.m2e.core.internal.Bundles - 	Entry: C:\Users\manoj\.p2\pool\plugins\org.eclipse.m2e.maven.runtime_3.9.600.20231203-1234\jars\maven-artifact-3.9.6.jar
2024-03-23 11:08:06,960 [Worker-1: Launching mavenrun-4733c44a-9fad-4235-9696-bb41ad586d5a] INFO  o.eclipse.m2e.core.internal.Bundles - 	Entry: C:\Users\manoj\.p2\pool\plugins\org.eclipse.m2e.maven.runtime_3.9.600.20231203-1234\jars\maven-builder-support-3.9.6.jar
2024-03-23 11:08:06,960 [Worker-1: Launching mavenrun-4733c44a-9fad-4235-9696-bb41ad586d5a] INFO  o.eclipse.m2e.core.internal.Bundles - 	Entry: C:\Users\manoj\.p2\pool\plugins\org.eclipse.m2e.maven.runtime_3.9.600.20231203-1234\jars\maven-compat-3.9.6.jar
2024-03-23 11:08:06,960 [Worker-1: Launching mavenrun-4733c44a-9fad-4235-9696-bb41ad586d5a] INFO  o.eclipse.m2e.core.internal.Bundles - 	Entry: C:\Users\manoj\.p2\pool\plugins\org.eclipse.m2e.maven.runtime_3.9.600.20231203-1234\jars\maven-core-3.9.6.jar
2024-03-23 11:08:06,961 [Worker-1: Launching mavenrun-4733c44a-9fad-4235-9696-bb41ad586d5a] INFO  o.eclipse.m2e.core.internal.Bundles - 	Entry: C:\Users\manoj\.p2\pool\plugins\org.eclipse.m2e.maven.runtime_3.9.600.20231203-1234\jars\maven-embedder-3.9.6.jar
2024-03-23 11:08:06,961 [Worker-1: Launching mavenrun-4733c44a-9fad-4235-9696-bb41ad586d5a] INFO  o.eclipse.m2e.core.internal.Bundles - 	Entry: C:\Users\manoj\.p2\pool\plugins\org.eclipse.m2e.maven.runtime_3.9.600.20231203-1234\jars\maven-model-3.9.6.jar
2024-03-23 11:08:06,961 [Worker-1: Launching mavenrun-4733c44a-9fad-4235-9696-bb41ad586d5a] INFO  o.eclipse.m2e.core.internal.Bundles - 	Entry: C:\Users\manoj\.p2\pool\plugins\org.eclipse.m2e.maven.runtime_3.9.600.20231203-1234\jars\maven-model-builder-3.9.6.jar
2024-03-23 11:08:06,962 [Worker-1: Launching mavenrun-4733c44a-9fad-4235-9696-bb41ad586d5a] INFO  o.eclipse.m2e.core.internal.Bundles - 	Entry: C:\Users\manoj\.p2\pool\plugins\org.eclipse.m2e.maven.runtime_3.9.600.20231203-1234\jars\maven-plugin-api-3.9.6.jar
2024-03-23 11:08:06,962 [Worker-1: Launching mavenrun-4733c44a-9fad-4235-9696-bb41ad586d5a] INFO  o.eclipse.m2e.core.internal.Bundles - 	Entry: C:\Users\manoj\.p2\pool\plugins\org.eclipse.m2e.maven.runtime_3.9.600.20231203-1234\jars\maven-repository-metadata-3.9.6.jar
2024-03-23 11:08:06,962 [Worker-1: Launching mavenrun-4733c44a-9fad-4235-9696-bb41ad586d5a] INFO  o.eclipse.m2e.core.internal.Bundles - 	Entry: C:\Users\manoj\.p2\pool\plugins\org.eclipse.m2e.maven.runtime_3.9.600.20231203-1234\jars\maven-resolver-api-1.9.18.jar
2024-03-23 11:08:06,963 [Worker-1: Launching mavenrun-4733c44a-9fad-4235-9696-bb41ad586d5a] INFO  o.eclipse.m2e.core.internal.Bundles - 	Entry: C:\Users\manoj\.p2\pool\plugins\org.eclipse.m2e.maven.runtime_3.9.600.20231203-1234\jars\maven-resolver-connector-basic-1.9.18.jar
2024-03-23 11:08:06,963 [Worker-1: Launching mavenrun-4733c44a-9fad-4235-9696-bb41ad586d5a] INFO  o.eclipse.m2e.core.internal.Bundles - 	Entry: C:\Users\manoj\.p2\pool\plugins\org.eclipse.m2e.maven.runtime_3.9.600.20231203-1234\jars\maven-resolver-impl-1.9.18.jar
2024-03-23 11:08:06,963 [Worker-1: Launching mavenrun-4733c44a-9fad-4235-9696-bb41ad586d5a] INFO  o.eclipse.m2e.core.internal.Bundles - 	Entry: C:\Users\manoj\.p2\pool\plugins\org.eclipse.m2e.maven.runtime_3.9.600.20231203-1234\jars\maven-resolver-named-locks-1.9.18.jar
2024-03-23 11:08:06,964 [Worker-1: Launching mavenrun-4733c44a-9fad-4235-9696-bb41ad586d5a] INFO  o.eclipse.m2e.core.internal.Bundles - 	Entry: C:\Users\manoj\.p2\pool\plugins\org.eclipse.m2e.maven.runtime_3.9.600.20231203-1234\jars\maven-resolver-provider-3.9.6.jar
2024-03-23 11:08:06,964 [Worker-1: Launching mavenrun-4733c44a-9fad-4235-9696-bb41ad586d5a] INFO  o.eclipse.m2e.core.internal.Bundles - 	Entry: C:\Users\manoj\.p2\pool\plugins\org.eclipse.m2e.maven.runtime_3.9.600.20231203-1234\jars\maven-resolver-spi-1.9.18.jar
2024-03-23 11:08:06,965 [Worker-1: Launching mavenrun-4733c44a-9fad-4235-9696-bb41ad586d5a] INFO  o.eclipse.m2e.core.internal.Bundles - 	Entry: C:\Users\manoj\.p2\pool\plugins\org.eclipse.m2e.maven.runtime_3.9.600.20231203-1234\jars\maven-resolver-transport-file-1.9.18.jar
2024-03-23 11:08:06,965 [Worker-1: Launching mavenrun-4733c44a-9fad-4235-9696-bb41ad586d5a] INFO  o.eclipse.m2e.core.internal.Bundles - 	Entry: C:\Users\manoj\.p2\pool\plugins\org.eclipse.m2e.maven.runtime_3.9.600.20231203-1234\jars\maven-resolver-transport-http-1.9.18.jar
2024-03-23 11:08:06,965 [Worker-1: Launching mavenrun-4733c44a-9fad-4235-9696-bb41ad586d5a] INFO  o.eclipse.m2e.core.internal.Bundles - 	Entry: C:\Users\manoj\.p2\pool\plugins\org.eclipse.m2e.maven.runtime_3.9.600.20231203-1234\jars\maven-resolver-transport-wagon-1.9.18.jar
2024-03-23 11:08:06,966 [Worker-1: Launching mavenrun-4733c44a-9fad-4235-9696-bb41ad586d5a] INFO  o.eclipse.m2e.core.internal.Bundles - 	Entry: C:\Users\manoj\.p2\pool\plugins\org.eclipse.m2e.maven.runtime_3.9.600.20231203-1234\jars\maven-resolver-util-1.9.18.jar
2024-03-23 11:08:06,966 [Worker-1: Launching mavenrun-4733c44a-9fad-4235-9696-bb41ad586d5a] INFO  o.eclipse.m2e.core.internal.Bundles - 	Entry: C:\Users\manoj\.p2\pool\plugins\org.eclipse.m2e.maven.runtime_3.9.600.20231203-1234\jars\maven-settings-3.9.6.jar
2024-03-23 11:08:06,966 [Worker-1: Launching mavenrun-4733c44a-9fad-4235-9696-bb41ad586d5a] INFO  o.eclipse.m2e.core.internal.Bundles - 	Entry: C:\Users\manoj\.p2\pool\plugins\org.eclipse.m2e.maven.runtime_3.9.600.20231203-1234\jars\maven-settings-builder-3.9.6.jar
2024-03-23 11:08:06,967 [Worker-1: Launching mavenrun-4733c44a-9fad-4235-9696-bb41ad586d5a] INFO  o.eclipse.m2e.core.internal.Bundles - 	Entry: C:\Users\manoj\.p2\pool\plugins\org.eclipse.m2e.maven.runtime_3.9.600.20231203-1234\jars\maven-shared-utils-3.3.4.jar
2024-03-23 11:08:06,967 [Worker-1: Launching mavenrun-4733c44a-9fad-4235-9696-bb41ad586d5a] INFO  o.eclipse.m2e.core.internal.Bundles - 	Entry: C:\Users\manoj\.p2\pool\plugins\org.eclipse.m2e.maven.runtime_3.9.600.20231203-1234\jars\org.eclipse.sisu.inject-0.9.0.M2.jar
2024-03-23 11:08:06,967 [Worker-1: Launching mavenrun-4733c44a-9fad-4235-9696-bb41ad586d5a] INFO  o.eclipse.m2e.core.internal.Bundles - 	Entry: C:\Users\manoj\.p2\pool\plugins\org.eclipse.m2e.maven.runtime_3.9.600.20231203-1234\jars\org.eclipse.sisu.plexus-0.9.0.M2.jar
2024-03-23 11:08:06,968 [Worker-1: Launching mavenrun-4733c44a-9fad-4235-9696-bb41ad586d5a] INFO  o.eclipse.m2e.core.internal.Bundles - 	Entry: C:\Users\manoj\.p2\pool\plugins\org.eclipse.m2e.maven.runtime_3.9.600.20231203-1234\jars\plexus-build-api-0.0.7.jar
2024-03-23 11:08:06,968 [Worker-1: Launching mavenrun-4733c44a-9fad-4235-9696-bb41ad586d5a] INFO  o.eclipse.m2e.core.internal.Bundles - 	Entry: C:\Users\manoj\.p2\pool\plugins\org.eclipse.m2e.maven.runtime_3.9.600.20231203-1234\jars\plexus-cipher-2.0.jar
2024-03-23 11:08:06,969 [Worker-1: Launching mavenrun-4733c44a-9fad-4235-9696-bb41ad586d5a] INFO  o.eclipse.m2e.core.internal.Bundles - 	Entry: C:\Users\manoj\.p2\pool\plugins\org.eclipse.m2e.maven.runtime_3.9.600.20231203-1234\jars\plexus-classworlds-2.7.0.jar
2024-03-23 11:08:06,969 [Worker-1: Launching mavenrun-4733c44a-9fad-4235-9696-bb41ad586d5a] INFO  o.eclipse.m2e.core.internal.Bundles - 	Entry: C:\Users\manoj\.p2\pool\plugins\org.eclipse.m2e.maven.runtime_3.9.600.20231203-1234\jars\plexus-component-annotations-2.1.0.jar
2024-03-23 11:08:06,970 [Worker-1: Launching mavenrun-4733c44a-9fad-4235-9696-bb41ad586d5a] INFO  o.eclipse.m2e.core.internal.Bundles - 	Entry: C:\Users\manoj\.p2\pool\plugins\org.eclipse.m2e.maven.runtime_3.9.600.20231203-1234\jars\plexus-interpolation-1.26.jar
2024-03-23 11:08:06,972 [Worker-1: Launching mavenrun-4733c44a-9fad-4235-9696-bb41ad586d5a] INFO  o.eclipse.m2e.core.internal.Bundles - 	Entry: C:\Users\manoj\.p2\pool\plugins\org.eclipse.m2e.maven.runtime_3.9.600.20231203-1234\jars\plexus-sec-dispatcher-2.0.jar
2024-03-23 11:08:06,973 [Worker-1: Launching mavenrun-4733c44a-9fad-4235-9696-bb41ad586d5a] INFO  o.eclipse.m2e.core.internal.Bundles - 	Entry: C:\Users\manoj\.p2\pool\plugins\org.eclipse.m2e.maven.runtime_3.9.600.20231203-1234\jars\plexus-utils-3.5.1.jar
2024-03-23 11:08:06,974 [Worker-1: Launching mavenrun-4733c44a-9fad-4235-9696-bb41ad586d5a] INFO  o.eclipse.m2e.core.internal.Bundles - 	Entry: C:\Users\manoj\.p2\pool\plugins\org.eclipse.m2e.maven.runtime_3.9.600.20231203-1234\jars\wagon-file-3.5.3.jar
2024-03-23 11:08:06,975 [Worker-1: Launching mavenrun-4733c44a-9fad-4235-9696-bb41ad586d5a] INFO  o.eclipse.m2e.core.internal.Bundles - 	Entry: C:\Users\manoj\.p2\pool\plugins\org.eclipse.m2e.maven.runtime_3.9.600.20231203-1234\jars\wagon-http-3.5.3.jar
2024-03-23 11:08:06,976 [Worker-1: Launching mavenrun-4733c44a-9fad-4235-9696-bb41ad586d5a] INFO  o.eclipse.m2e.core.internal.Bundles - 	Entry: C:\Users\manoj\.p2\pool\plugins\org.eclipse.m2e.maven.runtime_3.9.600.20231203-1234\jars\wagon-http-shared-3.5.3.jar
2024-03-23 11:08:06,976 [Worker-1: Launching mavenrun-4733c44a-9fad-4235-9696-bb41ad586d5a] INFO  o.eclipse.m2e.core.internal.Bundles - 	Entry: C:\Users\manoj\.p2\pool\plugins\org.eclipse.m2e.maven.runtime_3.9.600.20231203-1234\jars\wagon-provider-api-3.5.3.jar
2024-03-23 11:08:06,979 [Worker-1: Launching mavenrun-4733c44a-9fad-4235-9696-bb41ad586d5a] INFO  o.eclipse.m2e.core.internal.Bundles - getClasspathEntries(Bundle=com.google.guava_33.0.0.jre [14])
2024-03-23 11:08:06,980 [Worker-1: Launching mavenrun-4733c44a-9fad-4235-9696-bb41ad586d5a] INFO  o.eclipse.m2e.core.internal.Bundles - 	Entry: C:\Users\manoj\.p2\pool\plugins\com.google.guava_33.0.0.jre.jar
2024-03-23 11:08:06,981 [Worker-1: Launching mavenrun-4733c44a-9fad-4235-9696-bb41ad586d5a] INFO  o.eclipse.m2e.core.internal.Bundles - getClasspathEntries(Bundle=slf4j.api_2.0.12 [998])
2024-03-23 11:08:06,982 [Worker-1: Launching mavenrun-4733c44a-9fad-4235-9696-bb41ad586d5a] INFO  o.eclipse.m2e.core.internal.Bundles - 	Entry: C:\Users\manoj\.p2\pool\plugins\slf4j.api_2.0.12.jar
2024-03-23 11:08:06,982 [Worker-1: Launching mavenrun-4733c44a-9fad-4235-9696-bb41ad586d5a] INFO  o.eclipse.m2e.core.internal.Bundles - getClasspathEntries(Bundle=jakarta.inject.jakarta.inject-api_1.0.5 [32])
2024-03-23 11:08:06,982 [Worker-1: Launching mavenrun-4733c44a-9fad-4235-9696-bb41ad586d5a] INFO  o.eclipse.m2e.core.internal.Bundles - 	Entry: C:\Users\manoj\.p2\pool\plugins\jakarta.inject.jakarta.inject-api_1.0.5.jar
2024-03-23 11:08:06,982 [Worker-1: Launching mavenrun-4733c44a-9fad-4235-9696-bb41ad586d5a] INFO  o.eclipse.m2e.core.internal.Bundles - getClasspathEntries(Bundle=jakarta.annotation-api_1.3.5 [27])
2024-03-23 11:08:06,983 [Worker-1: Launching mavenrun-4733c44a-9fad-4235-9696-bb41ad586d5a] INFO  o.eclipse.m2e.core.internal.Bundles - 	Entry: C:\Users\manoj\.p2\pool\plugins\jakarta.annotation-api_1.3.5.jar
2024-03-23 11:08:06,983 [Worker-1: Launching mavenrun-4733c44a-9fad-4235-9696-bb41ad586d5a] INFO  o.eclipse.m2e.core.internal.Bundles - getClasspathEntries(Bundle=org.apache.commons.cli_1.6.0 [75])
2024-03-23 11:08:06,983 [Worker-1: Launching mavenrun-4733c44a-9fad-4235-9696-bb41ad586d5a] INFO  o.eclipse.m2e.core.internal.Bundles - 	Entry: C:\Users\manoj\.p2\pool\plugins\org.apache.commons.cli_1.6.0.jar
2024-03-23 11:08:06,983 [Worker-1: Launching mavenrun-4733c44a-9fad-4235-9696-bb41ad586d5a] INFO  o.eclipse.m2e.core.internal.Bundles - getClasspathEntries(Bundle=org.apache.commons.commons-codec_1.16.0 [78])
2024-03-23 11:08:06,984 [Worker-1: Launching mavenrun-4733c44a-9fad-4235-9696-bb41ad586d5a] INFO  o.eclipse.m2e.core.internal.Bundles - 	Entry: C:\Users\manoj\.p2\pool\plugins\org.apache.commons.commons-codec_1.16.0.jar
2024-03-23 11:08:06,984 [Worker-1: Launching mavenrun-4733c44a-9fad-4235-9696-bb41ad586d5a] INFO  o.eclipse.m2e.core.internal.Bundles - getClasspathEntries(Bundle=org.apache.commons.lang3_3.14.0 [86])
2024-03-23 11:08:06,984 [Worker-1: Launching mavenrun-4733c44a-9fad-4235-9696-bb41ad586d5a] INFO  o.eclipse.m2e.core.internal.Bundles - 	Entry: C:\Users\manoj\.p2\pool\plugins\org.apache.commons.lang3_3.14.0.jar
2024-03-23 11:08:06,984 [Worker-1: Launching mavenrun-4733c44a-9fad-4235-9696-bb41ad586d5a] INFO  o.eclipse.m2e.core.internal.Bundles - getClasspathEntries(Bundle=com.google.guava.failureaccess_1.0.2 [15])
2024-03-23 11:08:06,985 [Worker-1: Launching mavenrun-4733c44a-9fad-4235-9696-bb41ad586d5a] INFO  o.eclipse.m2e.core.internal.Bundles - 	Entry: C:\Users\manoj\.p2\pool\plugins\com.google.guava.failureaccess_1.0.2.jar
2024-03-23 11:08:06,990 [Worker-1: Launching mavenrun-4733c44a-9fad-4235-9696-bb41ad586d5a] INFO  o.e.m.i.launch.MavenLaunchDelegate - Run build in "C:\Users\manoj\AppData\Local\Temp\m2e-archetypeGenerator7431302385600015372":
2024-03-23 11:08:06,992 [Worker-1: Launching mavenrun-4733c44a-9fad-4235-9696-bb41ad586d5a] INFO  o.e.m.i.launch.MavenLaunchDelegate -  mvn  -DarchetypeGroupId=org.apache.maven.archetypes -DarchetypeArtifactId=maven-archetype-webapp -DarchetypeVersion=1.0 -DgroupId=com.kakarla -DartifactId=ServletJspDemo -Dversion=0.0.1-SNAPSHOT -Dpackage=com.kakarla.ServletJspDemo -DoutputDirectory=C:\Users\manoj\OneDrive\Desktop\Maven -Dstyle.color=always -U archetype:generate
2024-03-23 11:08:30,658 [Worker-28: Searching...] INFO  o.eclipse.m2e.core.internal.Bundles - getClasspathEntries(Bundle=org.eclipse.m2e.workspace.cli_0.3.1 [647])
2024-03-23 11:08:30,659 [Worker-28: Searching...] INFO  o.eclipse.m2e.core.internal.Bundles - 	Entry: C:\Users\manoj\.p2\pool\plugins\org.eclipse.m2e.workspace.cli_0.3.1.jar
2024-03-23 11:08:30,687 [Worker-28: Searching...] INFO  o.e.m.c.i.e.AbstractTransferListenerAdapter - Downloaded https://repo.maven.apache.org/maven2/io/takari/m2e/workspace/org.eclipse.m2e.workspace.cli/0.3.1/org.eclipse.m2e.workspace.cli-0.3.1-sources.jar
2024-03-23 11:08:30,691 [Worker-28: Searching...] INFO  o.eclipse.m2e.core.internal.Bundles - getClasspathEntries(Bundle=org.eclipse.m2e.maven.runtime_3.9.600.20231203-1234 [635])
2024-03-23 11:08:30,691 [Worker-28: Searching...] INFO  o.eclipse.m2e.core.internal.Bundles - 	Entry: C:\Users\manoj\.p2\pool\plugins\org.eclipse.m2e.maven.runtime_3.9.600.20231203-1234
2024-03-23 11:08:30,692 [Worker-28: Searching...] INFO  o.eclipse.m2e.core.internal.Bundles - 	Entry: C:\Users\manoj\.p2\pool\plugins\org.eclipse.m2e.maven.runtime_3.9.600.20231203-1234\jars\aopalliance-1.0.jar
2024-03-23 11:08:30,692 [Worker-28: Searching...] INFO  o.eclipse.m2e.core.internal.Bundles - 	Entry: C:\Users\manoj\.p2\pool\plugins\org.eclipse.m2e.maven.runtime_3.9.600.20231203-1234\jars\guice-5.1.0.jar
2024-03-23 11:08:30,692 [Worker-28: Searching...] INFO  o.eclipse.m2e.core.internal.Bundles - 	Entry: C:\Users\manoj\.p2\pool\plugins\org.eclipse.m2e.maven.runtime_3.9.600.20231203-1234\jars\httpclient-4.5.14.jar
2024-03-23 11:08:30,692 [Worker-28: Searching...] INFO  o.eclipse.m2e.core.internal.Bundles - 	Entry: C:\Users\manoj\.p2\pool\plugins\org.eclipse.m2e.maven.runtime_3.9.600.20231203-1234\jars\httpcore-4.4.16.jar
2024-03-23 11:08:30,692 [Worker-28: Searching...] INFO  o.eclipse.m2e.core.internal.Bundles - 	Entry: C:\Users\manoj\.p2\pool\plugins\org.eclipse.m2e.maven.runtime_3.9.600.20231203-1234\jars\jansi-2.4.0.jar
2024-03-23 11:08:30,692 [Worker-28: Searching...] INFO  o.eclipse.m2e.core.internal.Bundles - 	Entry: C:\Users\manoj\.p2\pool\plugins\org.eclipse.m2e.maven.runtime_3.9.600.20231203-1234\jars\jcl-over-slf4j-1.7.36.jar
2024-03-23 11:08:30,692 [Worker-28: Searching...] INFO  o.eclipse.m2e.core.internal.Bundles - 	Entry: C:\Users\manoj\.p2\pool\plugins\org.eclipse.m2e.maven.runtime_3.9.600.20231203-1234\jars\maven-artifact-3.9.6.jar
2024-03-23 11:08:30,693 [Worker-28: Searching...] INFO  o.eclipse.m2e.core.internal.Bundles - 	Entry: C:\Users\manoj\.p2\pool\plugins\org.eclipse.m2e.maven.runtime_3.9.600.20231203-1234\jars\maven-builder-support-3.9.6.jar
2024-03-23 11:08:30,693 [Worker-28: Searching...] INFO  o.eclipse.m2e.core.internal.Bundles - 	Entry: C:\Users\manoj\.p2\pool\plugins\org.eclipse.m2e.maven.runtime_3.9.600.20231203-1234\jars\maven-compat-3.9.6.jar
2024-03-23 11:08:30,693 [Worker-28: Searching...] INFO  o.eclipse.m2e.core.internal.Bundles - 	Entry: C:\Users\manoj\.p2\pool\plugins\org.eclipse.m2e.maven.runtime_3.9.600.20231203-1234\jars\maven-core-3.9.6.jar
2024-03-23 11:08:30,693 [Worker-28: Searching...] INFO  o.eclipse.m2e.core.internal.Bundles - 	Entry: C:\Users\manoj\.p2\pool\plugins\org.eclipse.m2e.maven.runtime_3.9.600.20231203-1234\jars\maven-embedder-3.9.6.jar
2024-03-23 11:08:30,693 [Worker-28: Searching...] INFO  o.eclipse.m2e.core.internal.Bundles - 	Entry: C:\Users\manoj\.p2\pool\plugins\org.eclipse.m2e.maven.runtime_3.9.600.20231203-1234\jars\maven-model-3.9.6.jar
2024-03-23 11:08:30,693 [Worker-28: Searching...] INFO  o.eclipse.m2e.core.internal.Bundles - 	Entry: C:\Users\manoj\.p2\pool\plugins\org.eclipse.m2e.maven.runtime_3.9.600.20231203-1234\jars\maven-model-builder-3.9.6.jar
2024-03-23 11:08:30,693 [Worker-28: Searching...] INFO  o.eclipse.m2e.core.internal.Bundles - 	Entry: C:\Users\manoj\.p2\pool\plugins\org.eclipse.m2e.maven.runtime_3.9.600.20231203-1234\jars\maven-plugin-api-3.9.6.jar
2024-03-23 11:08:30,693 [Worker-28: Searching...] INFO  o.eclipse.m2e.core.internal.Bundles - 	Entry: C:\Users\manoj\.p2\pool\plugins\org.eclipse.m2e.maven.runtime_3.9.600.20231203-1234\jars\maven-repository-metadata-3.9.6.jar
2024-03-23 11:08:30,693 [Worker-28: Searching...] INFO  o.eclipse.m2e.core.internal.Bundles - 	Entry: C:\Users\manoj\.p2\pool\plugins\org.eclipse.m2e.maven.runtime_3.9.600.20231203-1234\jars\maven-resolver-api-1.9.18.jar
2024-03-23 11:08:30,693 [Worker-28: Searching...] INFO  o.eclipse.m2e.core.internal.Bundles - 	Entry: C:\Users\manoj\.p2\pool\plugins\org.eclipse.m2e.maven.runtime_3.9.600.20231203-1234\jars\maven-resolver-connector-basic-1.9.18.jar
2024-03-23 11:08:30,693 [Worker-28: Searching...] INFO  o.eclipse.m2e.core.internal.Bundles - 	Entry: C:\Users\manoj\.p2\pool\plugins\org.eclipse.m2e.maven.runtime_3.9.600.20231203-1234\jars\maven-resolver-impl-1.9.18.jar
2024-03-23 11:08:30,694 [Worker-28: Searching...] INFO  o.eclipse.m2e.core.internal.Bundles - 	Entry: C:\Users\manoj\.p2\pool\plugins\org.eclipse.m2e.maven.runtime_3.9.600.20231203-1234\jars\maven-resolver-named-locks-1.9.18.jar
2024-03-23 11:08:30,694 [Worker-28: Searching...] INFO  o.eclipse.m2e.core.internal.Bundles - 	Entry: C:\Users\manoj\.p2\pool\plugins\org.eclipse.m2e.maven.runtime_3.9.600.20231203-1234\jars\maven-resolver-provider-3.9.6.jar
2024-03-23 11:08:30,694 [Worker-28: Searching...] INFO  o.eclipse.m2e.core.internal.Bundles - 	Entry: C:\Users\manoj\.p2\pool\plugins\org.eclipse.m2e.maven.runtime_3.9.600.20231203-1234\jars\maven-resolver-spi-1.9.18.jar
2024-03-23 11:08:30,694 [Worker-28: Searching...] INFO  o.eclipse.m2e.core.internal.Bundles - 	Entry: C:\Users\manoj\.p2\pool\plugins\org.eclipse.m2e.maven.runtime_3.9.600.20231203-1234\jars\maven-resolver-transport-file-1.9.18.jar
2024-03-23 11:08:30,694 [Worker-28: Searching...] INFO  o.eclipse.m2e.core.internal.Bundles - 	Entry: C:\Users\manoj\.p2\pool\plugins\org.eclipse.m2e.maven.runtime_3.9.600.20231203-1234\jars\maven-resolver-transport-http-1.9.18.jar
2024-03-23 11:08:30,694 [Worker-28: Searching...] INFO  o.eclipse.m2e.core.internal.Bundles - 	Entry: C:\Users\manoj\.p2\pool\plugins\org.eclipse.m2e.maven.runtime_3.9.600.20231203-1234\jars\maven-resolver-transport-wagon-1.9.18.jar
2024-03-23 11:08:30,694 [Worker-28: Searching...] INFO  o.eclipse.m2e.core.internal.Bundles - 	Entry: C:\Users\manoj\.p2\pool\plugins\org.eclipse.m2e.maven.runtime_3.9.600.20231203-1234\jars\maven-resolver-util-1.9.18.jar
2024-03-23 11:08:30,694 [Worker-28: Searching...] INFO  o.eclipse.m2e.core.internal.Bundles - 	Entry: C:\Users\manoj\.p2\pool\plugins\org.eclipse.m2e.maven.runtime_3.9.600.20231203-1234\jars\maven-settings-3.9.6.jar
2024-03-23 11:08:30,694 [Worker-28: Searching...] INFO  o.eclipse.m2e.core.internal.Bundles - 	Entry: C:\Users\manoj\.p2\pool\plugins\org.eclipse.m2e.maven.runtime_3.9.600.20231203-1234\jars\maven-settings-builder-3.9.6.jar
2024-03-23 11:08:30,694 [Worker-28: Searching...] INFO  o.eclipse.m2e.core.internal.Bundles - 	Entry: C:\Users\manoj\.p2\pool\plugins\org.eclipse.m2e.maven.runtime_3.9.600.20231203-1234\jars\maven-shared-utils-3.3.4.jar
2024-03-23 11:08:30,694 [Worker-28: Searching...] INFO  o.eclipse.m2e.core.internal.Bundles - 	Entry: C:\Users\manoj\.p2\pool\plugins\org.eclipse.m2e.maven.runtime_3.9.600.20231203-1234\jars\org.eclipse.sisu.inject-0.9.0.M2.jar
2024-03-23 11:08:30,695 [Worker-28: Searching...] INFO  o.eclipse.m2e.core.internal.Bundles - 	Entry: C:\Users\manoj\.p2\pool\plugins\org.eclipse.m2e.maven.runtime_3.9.600.20231203-1234\jars\org.eclipse.sisu.plexus-0.9.0.M2.jar
2024-03-23 11:08:30,695 [Worker-28: Searching...] INFO  o.eclipse.m2e.core.internal.Bundles - 	Entry: C:\Users\manoj\.p2\pool\plugins\org.eclipse.m2e.maven.runtime_3.9.600.20231203-1234\jars\plexus-build-api-0.0.7.jar
2024-03-23 11:08:30,695 [Worker-28: Searching...] INFO  o.eclipse.m2e.core.internal.Bundles - 	Entry: C:\Users\manoj\.p2\pool\plugins\org.eclipse.m2e.maven.runtime_3.9.600.20231203-1234\jars\plexus-cipher-2.0.jar
2024-03-23 11:08:30,695 [Worker-28: Searching...] INFO  o.eclipse.m2e.core.internal.Bundles - 	Entry: C:\Users\manoj\.p2\pool\plugins\org.eclipse.m2e.maven.runtime_3.9.600.20231203-1234\jars\plexus-classworlds-2.7.0.jar
2024-03-23 11:08:30,695 [Worker-28: Searching...] INFO  o.eclipse.m2e.core.internal.Bundles - 	Entry: C:\Users\manoj\.p2\pool\plugins\org.eclipse.m2e.maven.runtime_3.9.600.20231203-1234\jars\plexus-component-annotations-2.1.0.jar
2024-03-23 11:08:30,695 [Worker-28: Searching...] INFO  o.eclipse.m2e.core.internal.Bundles - 	Entry: C:\Users\manoj\.p2\pool\plugins\org.eclipse.m2e.maven.runtime_3.9.600.20231203-1234\jars\plexus-interpolation-1.26.jar
2024-03-23 11:08:30,695 [Worker-28: Searching...] INFO  o.eclipse.m2e.core.internal.Bundles - 	Entry: C:\Users\manoj\.p2\pool\plugins\org.eclipse.m2e.maven.runtime_3.9.600.20231203-1234\jars\plexus-sec-dispatcher-2.0.jar
2024-03-23 11:08:30,695 [Worker-28: Searching...] INFO  o.eclipse.m2e.core.internal.Bundles - 	Entry: C:\Users\manoj\.p2\pool\plugins\org.eclipse.m2e.maven.runtime_3.9.600.20231203-1234\jars\plexus-utils-3.5.1.jar
2024-03-23 11:08:30,695 [Worker-28: Searching...] INFO  o.eclipse.m2e.core.internal.Bundles - 	Entry: C:\Users\manoj\.p2\pool\plugins\org.eclipse.m2e.maven.runtime_3.9.600.20231203-1234\jars\wagon-file-3.5.3.jar
2024-03-23 11:08:30,695 [Worker-28: Searching...] INFO  o.eclipse.m2e.core.internal.Bundles - 	Entry: C:\Users\manoj\.p2\pool\plugins\org.eclipse.m2e.maven.runtime_3.9.600.20231203-1234\jars\wagon-http-3.5.3.jar
2024-03-23 11:08:30,695 [Worker-28: Searching...] INFO  o.eclipse.m2e.core.internal.Bundles - 	Entry: C:\Users\manoj\.p2\pool\plugins\org.eclipse.m2e.maven.runtime_3.9.600.20231203-1234\jars\wagon-http-shared-3.5.3.jar
2024-03-23 11:08:30,696 [Worker-28: Searching...] INFO  o.eclipse.m2e.core.internal.Bundles - 	Entry: C:\Users\manoj\.p2\pool\plugins\org.eclipse.m2e.maven.runtime_3.9.600.20231203-1234\jars\wagon-provider-api-3.5.3.jar
2024-03-23 11:08:30,696 [Worker-28: Searching...] INFO  o.eclipse.m2e.core.internal.Bundles - getClasspathEntries(Bundle=com.google.guava_33.0.0.jre [14])
2024-03-23 11:08:30,696 [Worker-28: Searching...] INFO  o.eclipse.m2e.core.internal.Bundles - 	Entry: C:\Users\manoj\.p2\pool\plugins\com.google.guava_33.0.0.jre.jar
2024-03-23 11:08:30,696 [Worker-28: Searching...] INFO  o.eclipse.m2e.core.internal.Bundles - getClasspathEntries(Bundle=slf4j.api_2.0.12 [998])
2024-03-23 11:08:30,696 [Worker-28: Searching...] INFO  o.eclipse.m2e.core.internal.Bundles - 	Entry: C:\Users\manoj\.p2\pool\plugins\slf4j.api_2.0.12.jar
2024-03-23 11:08:30,696 [Worker-28: Searching...] INFO  o.eclipse.m2e.core.internal.Bundles - getClasspathEntries(Bundle=jakarta.inject.jakarta.inject-api_1.0.5 [32])
2024-03-23 11:08:30,696 [Worker-28: Searching...] INFO  o.eclipse.m2e.core.internal.Bundles - 	Entry: C:\Users\manoj\.p2\pool\plugins\jakarta.inject.jakarta.inject-api_1.0.5.jar
2024-03-23 11:08:30,697 [Worker-28: Searching...] INFO  o.eclipse.m2e.core.internal.Bundles - getClasspathEntries(Bundle=jakarta.annotation-api_1.3.5 [27])
2024-03-23 11:08:30,697 [Worker-28: Searching...] INFO  o.eclipse.m2e.core.internal.Bundles - 	Entry: C:\Users\manoj\.p2\pool\plugins\jakarta.annotation-api_1.3.5.jar
2024-03-23 11:08:30,697 [Worker-28: Searching...] INFO  o.eclipse.m2e.core.internal.Bundles - getClasspathEntries(Bundle=org.apache.commons.cli_1.6.0 [75])
2024-03-23 11:08:30,697 [Worker-28: Searching...] INFO  o.eclipse.m2e.core.internal.Bundles - 	Entry: C:\Users\manoj\.p2\pool\plugins\org.apache.commons.cli_1.6.0.jar
2024-03-23 11:08:30,697 [Worker-28: Searching...] INFO  o.eclipse.m2e.core.internal.Bundles - getClasspathEntries(Bundle=org.apache.commons.commons-codec_1.16.0 [78])
2024-03-23 11:08:30,697 [Worker-28: Searching...] INFO  o.eclipse.m2e.core.internal.Bundles - 	Entry: C:\Users\manoj\.p2\pool\plugins\org.apache.commons.commons-codec_1.16.0.jar
2024-03-23 11:08:30,697 [Worker-28: Searching...] INFO  o.eclipse.m2e.core.internal.Bundles - getClasspathEntries(Bundle=org.apache.commons.lang3_3.14.0 [86])
2024-03-23 11:08:30,698 [Worker-28: Searching...] INFO  o.eclipse.m2e.core.internal.Bundles - 	Entry: C:\Users\manoj\.p2\pool\plugins\org.apache.commons.lang3_3.14.0.jar
2024-03-23 11:08:30,698 [Worker-28: Searching...] INFO  o.eclipse.m2e.core.internal.Bundles - getClasspathEntries(Bundle=com.google.guava.failureaccess_1.0.2 [15])
2024-03-23 11:08:30,698 [Worker-28: Searching...] INFO  o.eclipse.m2e.core.internal.Bundles - 	Entry: C:\Users\manoj\.p2\pool\plugins\com.google.guava.failureaccess_1.0.2.jar
2024-03-23 11:08:30,703 [Worker-28: Searching...] INFO  o.e.m.c.i.e.AbstractTransferListenerAdapter - Downloaded https://repo.maven.apache.org/maven2/org/codehaus/plexus/plexus-classworlds/2.7.0/plexus-classworlds-2.7.0-sources.jar
2024-03-23 11:08:30,726 [Worker-28: Searching...] INFO  o.e.m.c.i.e.AbstractTransferListenerAdapter - Downloaded https://repo.maven.apache.org/maven2/org/apache/httpcomponents/httpclient/4.5.14/httpclient-4.5.14-sources.jar
2024-03-23 11:08:30,732 [Worker-28: Searching...] INFO  o.e.m.c.i.e.AbstractTransferListenerAdapter - Downloaded https://repo.maven.apache.org/maven2/org/apache/httpcomponents/httpcore/4.4.16/httpcore-4.4.16-sources.jar
2024-03-23 11:08:30,740 [Worker-28: Searching...] INFO  o.e.m.c.i.e.AbstractTransferListenerAdapter - Downloaded https://repo.maven.apache.org/maven2/org/fusesource/jansi/jansi/2.4.0/jansi-2.4.0-sources.jar
2024-03-23 11:08:30,749 [Worker-28: Searching...] INFO  o.e.m.c.i.e.AbstractTransferListenerAdapter - Downloaded https://repo.maven.apache.org/maven2/org/slf4j/jcl-over-slf4j/1.7.36/jcl-over-slf4j-1.7.36-sources.jar
2024-03-23 11:08:30,755 [Worker-28: Searching...] INFO  o.e.m.c.i.e.AbstractTransferListenerAdapter - Downloaded https://repo.maven.apache.org/maven2/org/apache/maven/maven-artifact/3.9.6/maven-artifact-3.9.6-sources.jar
2024-03-23 11:08:30,761 [Worker-28: Searching...] INFO  o.e.m.c.i.e.AbstractTransferListenerAdapter - Downloaded https://repo.maven.apache.org/maven2/org/apache/maven/maven-builder-support/3.9.6/maven-builder-support-3.9.6-sources.jar
2024-03-23 11:08:30,767 [Worker-28: Searching...] INFO  o.e.m.c.i.e.AbstractTransferListenerAdapter - Downloaded https://repo.maven.apache.org/maven2/org/apache/maven/maven-compat/3.9.6/maven-compat-3.9.6-sources.jar
2024-03-23 11:08:30,772 [Worker-28: Searching...] INFO  o.e.m.c.i.e.AbstractTransferListenerAdapter - Downloaded https://repo.maven.apache.org/maven2/org/apache/maven/maven-core/3.9.6/maven-core-3.9.6-sources.jar
2024-03-23 11:08:30,778 [Worker-28: Searching...] INFO  o.e.m.c.i.e.AbstractTransferListenerAdapter - Downloaded https://repo.maven.apache.org/maven2/org/apache/maven/maven-embedder/3.9.6/maven-embedder-3.9.6-sources.jar
2024-03-23 11:08:30,784 [Worker-28: Searching...] INFO  o.e.m.c.i.e.AbstractTransferListenerAdapter - Downloaded https://repo.maven.apache.org/maven2/org/apache/maven/maven-model/3.9.6/maven-model-3.9.6-sources.jar
2024-03-23 11:08:30,791 [Worker-28: Searching...] INFO  o.e.m.c.i.e.AbstractTransferListenerAdapter - Downloaded https://repo.maven.apache.org/maven2/org/apache/maven/maven-model-builder/3.9.6/maven-model-builder-3.9.6-sources.jar
2024-03-23 11:08:30,797 [Worker-28: Searching...] INFO  o.e.m.c.i.e.AbstractTransferListenerAdapter - Downloaded https://repo.maven.apache.org/maven2/org/apache/maven/maven-plugin-api/3.9.6/maven-plugin-api-3.9.6-sources.jar
2024-03-23 11:08:30,803 [Worker-28: Searching...] INFO  o.e.m.c.i.e.AbstractTransferListenerAdapter - Downloaded https://repo.maven.apache.org/maven2/org/apache/maven/maven-repository-metadata/3.9.6/maven-repository-metadata-3.9.6-sources.jar
2024-03-23 11:08:30,810 [Worker-28: Searching...] INFO  o.e.m.c.i.e.AbstractTransferListenerAdapter - Downloaded https://repo.maven.apache.org/maven2/org/apache/maven/resolver/maven-resolver-api/1.9.18/maven-resolver-api-1.9.18-sources.jar
2024-03-23 11:08:30,817 [Worker-28: Searching...] INFO  o.e.m.c.i.e.AbstractTransferListenerAdapter - Downloaded https://repo.maven.apache.org/maven2/org/apache/maven/resolver/maven-resolver-connector-basic/1.9.18/maven-resolver-connector-basic-1.9.18-sources.jar
2024-03-23 11:08:30,823 [Worker-28: Searching...] INFO  o.e.m.c.i.e.AbstractTransferListenerAdapter - Downloaded https://repo.maven.apache.org/maven2/org/apache/maven/resolver/maven-resolver-impl/1.9.18/maven-resolver-impl-1.9.18-sources.jar
2024-03-23 11:08:30,831 [Worker-28: Searching...] INFO  o.e.m.c.i.e.AbstractTransferListenerAdapter - Downloaded https://repo.maven.apache.org/maven2/org/apache/maven/resolver/maven-resolver-named-locks/1.9.18/maven-resolver-named-locks-1.9.18-sources.jar
2024-03-23 11:08:30,837 [Worker-28: Searching...] INFO  o.e.m.c.i.e.AbstractTransferListenerAdapter - Downloaded https://repo.maven.apache.org/maven2/org/apache/maven/maven-resolver-provider/3.9.6/maven-resolver-provider-3.9.6-sources.jar
2024-03-23 11:08:30,843 [Worker-28: Searching...] INFO  o.e.m.c.i.e.AbstractTransferListenerAdapter - Downloaded https://repo.maven.apache.org/maven2/org/apache/maven/resolver/maven-resolver-spi/1.9.18/maven-resolver-spi-1.9.18-sources.jar
2024-03-23 11:08:30,849 [Worker-28: Searching...] INFO  o.e.m.c.i.e.AbstractTransferListenerAdapter - Downloaded https://repo.maven.apache.org/maven2/org/apache/maven/resolver/maven-resolver-transport-file/1.9.18/maven-resolver-transport-file-1.9.18-sources.jar
2024-03-23 11:08:30,855 [Worker-28: Searching...] INFO  o.e.m.c.i.e.AbstractTransferListenerAdapter - Downloaded https://repo.maven.apache.org/maven2/org/apache/maven/resolver/maven-resolver-transport-http/1.9.18/maven-resolver-transport-http-1.9.18-sources.jar
2024-03-23 11:08:30,861 [Worker-28: Searching...] INFO  o.e.m.c.i.e.AbstractTransferListenerAdapter - Downloaded https://repo.maven.apache.org/maven2/org/apache/maven/resolver/maven-resolver-transport-wagon/1.9.18/maven-resolver-transport-wagon-1.9.18-sources.jar
2024-03-23 11:08:30,867 [Worker-28: Searching...] INFO  o.e.m.c.i.e.AbstractTransferListenerAdapter - Downloaded https://repo.maven.apache.org/maven2/org/apache/maven/resolver/maven-resolver-util/1.9.18/maven-resolver-util-1.9.18-sources.jar
2024-03-23 11:08:30,873 [Worker-28: Searching...] INFO  o.e.m.c.i.e.AbstractTransferListenerAdapter - Downloaded https://repo.maven.apache.org/maven2/org/apache/maven/maven-settings/3.9.6/maven-settings-3.9.6-sources.jar
2024-03-23 11:08:30,878 [Worker-28: Searching...] INFO  o.e.m.c.i.e.AbstractTransferListenerAdapter - Downloaded https://repo.maven.apache.org/maven2/org/apache/maven/maven-settings-builder/3.9.6/maven-settings-builder-3.9.6-sources.jar
2024-03-23 11:08:30,883 [Worker-28: Searching...] INFO  o.e.m.c.i.e.AbstractTransferListenerAdapter - Downloaded https://repo.maven.apache.org/maven2/org/apache/maven/shared/maven-shared-utils/3.3.4/maven-shared-utils-3.3.4-sources.jar
2024-03-23 11:08:30,891 [Worker-28: Searching...] INFO  o.e.m.c.i.e.AbstractTransferListenerAdapter - Downloaded https://repo.maven.apache.org/maven2/org/eclipse/sisu/org.eclipse.sisu.inject/0.9.0.M2/org.eclipse.sisu.inject-0.9.0.M2-sources.jar
2024-03-23 11:08:30,897 [Worker-28: Searching...] INFO  o.e.m.c.i.e.AbstractTransferListenerAdapter - Downloaded https://repo.maven.apache.org/maven2/org/eclipse/sisu/org.eclipse.sisu.plexus/0.9.0.M2/org.eclipse.sisu.plexus-0.9.0.M2-sources.jar
2024-03-23 11:08:30,904 [Worker-28: Searching...] INFO  o.e.m.c.i.e.AbstractTransferListenerAdapter - Downloaded https://repo.maven.apache.org/maven2/org/codehaus/plexus/plexus-cipher/2.0/plexus-cipher-2.0-sources.jar
2024-03-23 11:08:30,911 [Worker-28: Searching...] INFO  o.e.m.c.i.e.AbstractTransferListenerAdapter - Downloaded https://repo.maven.apache.org/maven2/org/codehaus/plexus/plexus-component-annotations/2.1.0/plexus-component-annotations-2.1.0-sources.jar
2024-03-23 11:08:30,916 [Worker-28: Searching...] INFO  o.e.m.c.i.e.AbstractTransferListenerAdapter - Downloaded https://repo.maven.apache.org/maven2/org/codehaus/plexus/plexus-interpolation/1.26/plexus-interpolation-1.26-sources.jar
2024-03-23 11:08:30,924 [Worker-28: Searching...] INFO  o.e.m.c.i.e.AbstractTransferListenerAdapter - Downloaded https://repo.maven.apache.org/maven2/org/codehaus/plexus/plexus-sec-dispatcher/2.0/plexus-sec-dispatcher-2.0-sources.jar
2024-03-23 11:08:30,930 [Worker-28: Searching...] INFO  o.e.m.c.i.e.AbstractTransferListenerAdapter - Downloaded https://repo.maven.apache.org/maven2/org/codehaus/plexus/plexus-utils/3.5.1/plexus-utils-3.5.1-sources.jar
2024-03-23 11:08:30,937 [Worker-28: Searching...] INFO  o.e.m.c.i.e.AbstractTransferListenerAdapter - Downloaded https://repo.maven.apache.org/maven2/org/apache/maven/wagon/wagon-file/3.5.3/wagon-file-3.5.3-sources.jar
2024-03-23 11:08:30,944 [Worker-28: Searching...] INFO  o.e.m.c.i.e.AbstractTransferListenerAdapter - Downloaded https://repo.maven.apache.org/maven2/org/apache/maven/wagon/wagon-http/3.5.3/wagon-http-3.5.3-sources.jar
2024-03-23 11:08:30,951 [Worker-28: Searching...] INFO  o.e.m.c.i.e.AbstractTransferListenerAdapter - Downloaded https://repo.maven.apache.org/maven2/org/apache/maven/wagon/wagon-http-shared/3.5.3/wagon-http-shared-3.5.3-sources.jar
2024-03-23 11:08:30,957 [Worker-28: Searching...] INFO  o.e.m.c.i.e.AbstractTransferListenerAdapter - Downloaded https://repo.maven.apache.org/maven2/org/apache/maven/wagon/wagon-provider-api/3.5.3/wagon-provider-api-3.5.3-sources.jar
2024-03-23 11:08:30,964 [Worker-28: Searching...] INFO  o.e.m.c.i.e.AbstractTransferListenerAdapter - Downloaded https://repo.maven.apache.org/maven2/org/apache/maven/maven-slf4j-provider/3.9.6/maven-slf4j-provider-3.9.6-sources.jar
2024-03-23 11:08:30,971 [Worker-28: Searching...] INFO  o.e.m.c.i.e.AbstractTransferListenerAdapter - Downloaded https://repo.maven.apache.org/maven2/com/google/guava/guava/33.0.0-jre/guava-33.0.0-jre-sources.jar
2024-03-23 11:08:30,977 [Worker-28: Searching...] INFO  o.e.m.c.i.e.AbstractTransferListenerAdapter - Downloaded https://repo.maven.apache.org/maven2/org/slf4j/slf4j-api/2.0.12/slf4j-api-2.0.12-sources.jar
2024-03-23 11:08:30,984 [Worker-28: Searching...] INFO  o.e.m.c.i.e.AbstractTransferListenerAdapter - Downloaded https://repo.maven.apache.org/maven2/jakarta/inject/jakarta.inject-api/1.0.5/jakarta.inject-api-1.0.5-sources.jar
2024-03-23 11:08:30,990 [Worker-28: Searching...] INFO  o.e.m.c.i.e.AbstractTransferListenerAdapter - Downloaded https://repo.maven.apache.org/maven2/jakarta/annotation/jakarta.annotation-api/1.3.5/jakarta.annotation-api-1.3.5-sources.jar
2024-03-23 11:08:30,995 [Worker-28: Searching...] INFO  o.e.m.c.i.e.AbstractTransferListenerAdapter - Downloaded https://repo.maven.apache.org/maven2/commons-cli/commons-cli/1.6.0/commons-cli-1.6.0-sources.jar
2024-03-23 11:08:31,001 [Worker-28: Searching...] INFO  o.e.m.c.i.e.AbstractTransferListenerAdapter - Downloaded https://repo.maven.apache.org/maven2/commons-codec/commons-codec/1.16.0/commons-codec-1.16.0-sources.jar
2024-03-23 11:08:31,006 [Worker-28: Searching...] INFO  o.e.m.c.i.e.AbstractTransferListenerAdapter - Downloaded https://repo.maven.apache.org/maven2/org/apache/commons/commons-lang3/3.14.0/commons-lang3-3.14.0-sources.jar
2024-03-23 11:08:31,012 [Worker-28: Searching...] INFO  o.e.m.c.i.e.AbstractTransferListenerAdapter - Downloaded https://repo.maven.apache.org/maven2/com/google/guava/failureaccess/1.0.2/failureaccess-1.0.2-sources.jar
2024-03-23 11:10:56,235 [Worker-29: Launching mavenrun-60f784ab-5a24-42cf-a1e4-d37d8ae37627] INFO  o.eclipse.m2e.core.internal.Bundles - getClasspathEntries(Bundle=org.eclipse.m2e.maven.runtime_3.9.600.20231203-1234 [635])
2024-03-23 11:10:56,236 [Worker-29: Launching mavenrun-60f784ab-5a24-42cf-a1e4-d37d8ae37627] INFO  o.eclipse.m2e.core.internal.Bundles - 	Entry: C:\Users\manoj\.p2\pool\plugins\org.eclipse.m2e.maven.runtime_3.9.600.20231203-1234
2024-03-23 11:10:56,236 [Worker-29: Launching mavenrun-60f784ab-5a24-42cf-a1e4-d37d8ae37627] INFO  o.eclipse.m2e.core.internal.Bundles - 	Entry: C:\Users\manoj\.p2\pool\plugins\org.eclipse.m2e.maven.runtime_3.9.600.20231203-1234\jars\aopalliance-1.0.jar
2024-03-23 11:10:56,236 [Worker-29: Launching mavenrun-60f784ab-5a24-42cf-a1e4-d37d8ae37627] INFO  o.eclipse.m2e.core.internal.Bundles - 	Entry: C:\Users\manoj\.p2\pool\plugins\org.eclipse.m2e.maven.runtime_3.9.600.20231203-1234\jars\guice-5.1.0.jar
2024-03-23 11:10:56,237 [Worker-29: Launching mavenrun-60f784ab-5a24-42cf-a1e4-d37d8ae37627] INFO  o.eclipse.m2e.core.internal.Bundles - 	Entry: C:\Users\manoj\.p2\pool\plugins\org.eclipse.m2e.maven.runtime_3.9.600.20231203-1234\jars\httpclient-4.5.14.jar
2024-03-23 11:10:56,237 [Worker-29: Launching mavenrun-60f784ab-5a24-42cf-a1e4-d37d8ae37627] INFO  o.eclipse.m2e.core.internal.Bundles - 	Entry: C:\Users\manoj\.p2\pool\plugins\org.eclipse.m2e.maven.runtime_3.9.600.20231203-1234\jars\httpcore-4.4.16.jar
2024-03-23 11:10:56,237 [Worker-29: Launching mavenrun-60f784ab-5a24-42cf-a1e4-d37d8ae37627] INFO  o.eclipse.m2e.core.internal.Bundles - 	Entry: C:\Users\manoj\.p2\pool\plugins\org.eclipse.m2e.maven.runtime_3.9.600.20231203-1234\jars\jansi-2.4.0.jar
2024-03-23 11:10:56,237 [Worker-29: Launching mavenrun-60f784ab-5a24-42cf-a1e4-d37d8ae37627] INFO  o.eclipse.m2e.core.internal.Bundles - 	Entry: C:\Users\manoj\.p2\pool\plugins\org.eclipse.m2e.maven.runtime_3.9.600.20231203-1234\jars\jcl-over-slf4j-1.7.36.jar
2024-03-23 11:10:56,237 [Worker-29: Launching mavenrun-60f784ab-5a24-42cf-a1e4-d37d8ae37627] INFO  o.eclipse.m2e.core.internal.Bundles - 	Entry: C:\Users\manoj\.p2\pool\plugins\org.eclipse.m2e.maven.runtime_3.9.600.20231203-1234\jars\maven-artifact-3.9.6.jar
2024-03-23 11:10:56,237 [Worker-29: Launching mavenrun-60f784ab-5a24-42cf-a1e4-d37d8ae37627] INFO  o.eclipse.m2e.core.internal.Bundles - 	Entry: C:\Users\manoj\.p2\pool\plugins\org.eclipse.m2e.maven.runtime_3.9.600.20231203-1234\jars\maven-builder-support-3.9.6.jar
2024-03-23 11:10:56,238 [Worker-29: Launching mavenrun-60f784ab-5a24-42cf-a1e4-d37d8ae37627] INFO  o.eclipse.m2e.core.internal.Bundles - 	Entry: C:\Users\manoj\.p2\pool\plugins\org.eclipse.m2e.maven.runtime_3.9.600.20231203-1234\jars\maven-compat-3.9.6.jar
2024-03-23 11:10:56,238 [Worker-29: Launching mavenrun-60f784ab-5a24-42cf-a1e4-d37d8ae37627] INFO  o.eclipse.m2e.core.internal.Bundles - 	Entry: C:\Users\manoj\.p2\pool\plugins\org.eclipse.m2e.maven.runtime_3.9.600.20231203-1234\jars\maven-core-3.9.6.jar
2024-03-23 11:10:56,238 [Worker-29: Launching mavenrun-60f784ab-5a24-42cf-a1e4-d37d8ae37627] INFO  o.eclipse.m2e.core.internal.Bundles - 	Entry: C:\Users\manoj\.p2\pool\plugins\org.eclipse.m2e.maven.runtime_3.9.600.20231203-1234\jars\maven-embedder-3.9.6.jar
2024-03-23 11:10:56,238 [Worker-29: Launching mavenrun-60f784ab-5a24-42cf-a1e4-d37d8ae37627] INFO  o.eclipse.m2e.core.internal.Bundles - 	Entry: C:\Users\manoj\.p2\pool\plugins\org.eclipse.m2e.maven.runtime_3.9.600.20231203-1234\jars\maven-model-3.9.6.jar
2024-03-23 11:10:56,238 [Worker-29: Launching mavenrun-60f784ab-5a24-42cf-a1e4-d37d8ae37627] INFO  o.eclipse.m2e.core.internal.Bundles - 	Entry: C:\Users\manoj\.p2\pool\plugins\org.eclipse.m2e.maven.runtime_3.9.600.20231203-1234\jars\maven-model-builder-3.9.6.jar
2024-03-23 11:10:56,238 [Worker-29: Launching mavenrun-60f784ab-5a24-42cf-a1e4-d37d8ae37627] INFO  o.eclipse.m2e.core.internal.Bundles - 	Entry: C:\Users\manoj\.p2\pool\plugins\org.eclipse.m2e.maven.runtime_3.9.600.20231203-1234\jars\maven-plugin-api-3.9.6.jar
2024-03-23 11:10:56,238 [Worker-29: Launching mavenrun-60f784ab-5a24-42cf-a1e4-d37d8ae37627] INFO  o.eclipse.m2e.core.internal.Bundles - 	Entry: C:\Users\manoj\.p2\pool\plugins\org.eclipse.m2e.maven.runtime_3.9.600.20231203-1234\jars\maven-repository-metadata-3.9.6.jar
2024-03-23 11:10:56,239 [Worker-29: Launching mavenrun-60f784ab-5a24-42cf-a1e4-d37d8ae37627] INFO  o.eclipse.m2e.core.internal.Bundles - 	Entry: C:\Users\manoj\.p2\pool\plugins\org.eclipse.m2e.maven.runtime_3.9.600.20231203-1234\jars\maven-resolver-api-1.9.18.jar
2024-03-23 11:10:56,239 [Worker-29: Launching mavenrun-60f784ab-5a24-42cf-a1e4-d37d8ae37627] INFO  o.eclipse.m2e.core.internal.Bundles - 	Entry: C:\Users\manoj\.p2\pool\plugins\org.eclipse.m2e.maven.runtime_3.9.600.20231203-1234\jars\maven-resolver-connector-basic-1.9.18.jar
2024-03-23 11:10:56,239 [Worker-29: Launching mavenrun-60f784ab-5a24-42cf-a1e4-d37d8ae37627] INFO  o.eclipse.m2e.core.internal.Bundles - 	Entry: C:\Users\manoj\.p2\pool\plugins\org.eclipse.m2e.maven.runtime_3.9.600.20231203-1234\jars\maven-resolver-impl-1.9.18.jar
2024-03-23 11:10:56,239 [Worker-29: Launching mavenrun-60f784ab-5a24-42cf-a1e4-d37d8ae37627] INFO  o.eclipse.m2e.core.internal.Bundles - 	Entry: C:\Users\manoj\.p2\pool\plugins\org.eclipse.m2e.maven.runtime_3.9.600.20231203-1234\jars\maven-resolver-named-locks-1.9.18.jar
2024-03-23 11:10:56,239 [Worker-29: Launching mavenrun-60f784ab-5a24-42cf-a1e4-d37d8ae37627] INFO  o.eclipse.m2e.core.internal.Bundles - 	Entry: C:\Users\manoj\.p2\pool\plugins\org.eclipse.m2e.maven.runtime_3.9.600.20231203-1234\jars\maven-resolver-provider-3.9.6.jar
2024-03-23 11:10:56,240 [Worker-29: Launching mavenrun-60f784ab-5a24-42cf-a1e4-d37d8ae37627] INFO  o.eclipse.m2e.core.internal.Bundles - 	Entry: C:\Users\manoj\.p2\pool\plugins\org.eclipse.m2e.maven.runtime_3.9.600.20231203-1234\jars\maven-resolver-spi-1.9.18.jar
2024-03-23 11:10:56,240 [Worker-29: Launching mavenrun-60f784ab-5a24-42cf-a1e4-d37d8ae37627] INFO  o.eclipse.m2e.core.internal.Bundles - 	Entry: C:\Users\manoj\.p2\pool\plugins\org.eclipse.m2e.maven.runtime_3.9.600.20231203-1234\jars\maven-resolver-transport-file-1.9.18.jar
2024-03-23 11:10:56,240 [Worker-29: Launching mavenrun-60f784ab-5a24-42cf-a1e4-d37d8ae37627] INFO  o.eclipse.m2e.core.internal.Bundles - 	Entry: C:\Users\manoj\.p2\pool\plugins\org.eclipse.m2e.maven.runtime_3.9.600.20231203-1234\jars\maven-resolver-transport-http-1.9.18.jar
2024-03-23 11:10:56,240 [Worker-29: Launching mavenrun-60f784ab-5a24-42cf-a1e4-d37d8ae37627] INFO  o.eclipse.m2e.core.internal.Bundles - 	Entry: C:\Users\manoj\.p2\pool\plugins\org.eclipse.m2e.maven.runtime_3.9.600.20231203-1234\jars\maven-resolver-transport-wagon-1.9.18.jar
2024-03-23 11:10:56,240 [Worker-29: Launching mavenrun-60f784ab-5a24-42cf-a1e4-d37d8ae37627] INFO  o.eclipse.m2e.core.internal.Bundles - 	Entry: C:\Users\manoj\.p2\pool\plugins\org.eclipse.m2e.maven.runtime_3.9.600.20231203-1234\jars\maven-resolver-util-1.9.18.jar
2024-03-23 11:10:56,240 [Worker-29: Launching mavenrun-60f784ab-5a24-42cf-a1e4-d37d8ae37627] INFO  o.eclipse.m2e.core.internal.Bundles - 	Entry: C:\Users\manoj\.p2\pool\plugins\org.eclipse.m2e.maven.runtime_3.9.600.20231203-1234\jars\maven-settings-3.9.6.jar
2024-03-23 11:10:56,240 [Worker-29: Launching mavenrun-60f784ab-5a24-42cf-a1e4-d37d8ae37627] INFO  o.eclipse.m2e.core.internal.Bundles - 	Entry: C:\Users\manoj\.p2\pool\plugins\org.eclipse.m2e.maven.runtime_3.9.600.20231203-1234\jars\maven-settings-builder-3.9.6.jar
2024-03-23 11:10:56,240 [Worker-29: Launching mavenrun-60f784ab-5a24-42cf-a1e4-d37d8ae37627] INFO  o.eclipse.m2e.core.internal.Bundles - 	Entry: C:\Users\manoj\.p2\pool\plugins\org.eclipse.m2e.maven.runtime_3.9.600.20231203-1234\jars\maven-shared-utils-3.3.4.jar
2024-03-23 11:10:56,240 [Worker-29: Launching mavenrun-60f784ab-5a24-42cf-a1e4-d37d8ae37627] INFO  o.eclipse.m2e.core.internal.Bundles - 	Entry: C:\Users\manoj\.p2\pool\plugins\org.eclipse.m2e.maven.runtime_3.9.600.20231203-1234\jars\org.eclipse.sisu.inject-0.9.0.M2.jar
2024-03-23 11:10:56,241 [Worker-29: Launching mavenrun-60f784ab-5a24-42cf-a1e4-d37d8ae37627] INFO  o.eclipse.m2e.core.internal.Bundles - 	Entry: C:\Users\manoj\.p2\pool\plugins\org.eclipse.m2e.maven.runtime_3.9.600.20231203-1234\jars\org.eclipse.sisu.plexus-0.9.0.M2.jar
2024-03-23 11:10:56,241 [Worker-29: Launching mavenrun-60f784ab-5a24-42cf-a1e4-d37d8ae37627] INFO  o.eclipse.m2e.core.internal.Bundles - 	Entry: C:\Users\manoj\.p2\pool\plugins\org.eclipse.m2e.maven.runtime_3.9.600.20231203-1234\jars\plexus-build-api-0.0.7.jar
2024-03-23 11:10:56,241 [Worker-29: Launching mavenrun-60f784ab-5a24-42cf-a1e4-d37d8ae37627] INFO  o.eclipse.m2e.core.internal.Bundles - 	Entry: C:\Users\manoj\.p2\pool\plugins\org.eclipse.m2e.maven.runtime_3.9.600.20231203-1234\jars\plexus-cipher-2.0.jar
2024-03-23 11:10:56,241 [Worker-29: Launching mavenrun-60f784ab-5a24-42cf-a1e4-d37d8ae37627] INFO  o.eclipse.m2e.core.internal.Bundles - 	Entry: C:\Users\manoj\.p2\pool\plugins\org.eclipse.m2e.maven.runtime_3.9.600.20231203-1234\jars\plexus-classworlds-2.7.0.jar
2024-03-23 11:10:56,241 [Worker-29: Launching mavenrun-60f784ab-5a24-42cf-a1e4-d37d8ae37627] INFO  o.eclipse.m2e.core.internal.Bundles - 	Entry: C:\Users\manoj\.p2\pool\plugins\org.eclipse.m2e.maven.runtime_3.9.600.20231203-1234\jars\plexus-component-annotations-2.1.0.jar
2024-03-23 11:10:56,241 [Worker-29: Launching mavenrun-60f784ab-5a24-42cf-a1e4-d37d8ae37627] INFO  o.eclipse.m2e.core.internal.Bundles - 	Entry: C:\Users\manoj\.p2\pool\plugins\org.eclipse.m2e.maven.runtime_3.9.600.20231203-1234\jars\plexus-interpolation-1.26.jar
2024-03-23 11:10:56,241 [Worker-29: Launching mavenrun-60f784ab-5a24-42cf-a1e4-d37d8ae37627] INFO  o.eclipse.m2e.core.internal.Bundles - 	Entry: C:\Users\manoj\.p2\pool\plugins\org.eclipse.m2e.maven.runtime_3.9.600.20231203-1234\jars\plexus-sec-dispatcher-2.0.jar
2024-03-23 11:10:56,241 [Worker-29: Launching mavenrun-60f784ab-5a24-42cf-a1e4-d37d8ae37627] INFO  o.eclipse.m2e.core.internal.Bundles - 	Entry: C:\Users\manoj\.p2\pool\plugins\org.eclipse.m2e.maven.runtime_3.9.600.20231203-1234\jars\plexus-utils-3.5.1.jar
2024-03-23 11:10:56,242 [Worker-29: Launching mavenrun-60f784ab-5a24-42cf-a1e4-d37d8ae37627] INFO  o.eclipse.m2e.core.internal.Bundles - 	Entry: C:\Users\manoj\.p2\pool\plugins\org.eclipse.m2e.maven.runtime_3.9.600.20231203-1234\jars\wagon-file-3.5.3.jar
2024-03-23 11:10:56,242 [Worker-29: Launching mavenrun-60f784ab-5a24-42cf-a1e4-d37d8ae37627] INFO  o.eclipse.m2e.core.internal.Bundles - 	Entry: C:\Users\manoj\.p2\pool\plugins\org.eclipse.m2e.maven.runtime_3.9.600.20231203-1234\jars\wagon-http-3.5.3.jar
2024-03-23 11:10:56,242 [Worker-29: Launching mavenrun-60f784ab-5a24-42cf-a1e4-d37d8ae37627] INFO  o.eclipse.m2e.core.internal.Bundles - 	Entry: C:\Users\manoj\.p2\pool\plugins\org.eclipse.m2e.maven.runtime_3.9.600.20231203-1234\jars\wagon-http-shared-3.5.3.jar
2024-03-23 11:10:56,242 [Worker-29: Launching mavenrun-60f784ab-5a24-42cf-a1e4-d37d8ae37627] INFO  o.eclipse.m2e.core.internal.Bundles - 	Entry: C:\Users\manoj\.p2\pool\plugins\org.eclipse.m2e.maven.runtime_3.9.600.20231203-1234\jars\wagon-provider-api-3.5.3.jar
2024-03-23 11:10:56,242 [Worker-29: Launching mavenrun-60f784ab-5a24-42cf-a1e4-d37d8ae37627] INFO  o.eclipse.m2e.core.internal.Bundles - getClasspathEntries(Bundle=com.google.guava_33.0.0.jre [14])
2024-03-23 11:10:56,242 [Worker-29: Launching mavenrun-60f784ab-5a24-42cf-a1e4-d37d8ae37627] INFO  o.eclipse.m2e.core.internal.Bundles - 	Entry: C:\Users\manoj\.p2\pool\plugins\com.google.guava_33.0.0.jre.jar
2024-03-23 11:10:56,242 [Worker-29: Launching mavenrun-60f784ab-5a24-42cf-a1e4-d37d8ae37627] INFO  o.eclipse.m2e.core.internal.Bundles - getClasspathEntries(Bundle=slf4j.api_2.0.12 [998])
2024-03-23 11:10:56,243 [Worker-29: Launching mavenrun-60f784ab-5a24-42cf-a1e4-d37d8ae37627] INFO  o.eclipse.m2e.core.internal.Bundles - 	Entry: C:\Users\manoj\.p2\pool\plugins\slf4j.api_2.0.12.jar
2024-03-23 11:10:56,243 [Worker-29: Launching mavenrun-60f784ab-5a24-42cf-a1e4-d37d8ae37627] INFO  o.eclipse.m2e.core.internal.Bundles - getClasspathEntries(Bundle=jakarta.inject.jakarta.inject-api_1.0.5 [32])
2024-03-23 11:10:56,243 [Worker-29: Launching mavenrun-60f784ab-5a24-42cf-a1e4-d37d8ae37627] INFO  o.eclipse.m2e.core.internal.Bundles - 	Entry: C:\Users\manoj\.p2\pool\plugins\jakarta.inject.jakarta.inject-api_1.0.5.jar
2024-03-23 11:10:56,243 [Worker-29: Launching mavenrun-60f784ab-5a24-42cf-a1e4-d37d8ae37627] INFO  o.eclipse.m2e.core.internal.Bundles - getClasspathEntries(Bundle=jakarta.annotation-api_1.3.5 [27])
2024-03-23 11:10:56,243 [Worker-29: Launching mavenrun-60f784ab-5a24-42cf-a1e4-d37d8ae37627] INFO  o.eclipse.m2e.core.internal.Bundles - 	Entry: C:\Users\manoj\.p2\pool\plugins\jakarta.annotation-api_1.3.5.jar
2024-03-23 11:10:56,243 [Worker-29: Launching mavenrun-60f784ab-5a24-42cf-a1e4-d37d8ae37627] INFO  o.eclipse.m2e.core.internal.Bundles - getClasspathEntries(Bundle=org.apache.commons.cli_1.6.0 [75])
2024-03-23 11:10:56,243 [Worker-29: Launching mavenrun-60f784ab-5a24-42cf-a1e4-d37d8ae37627] INFO  o.eclipse.m2e.core.internal.Bundles - 	Entry: C:\Users\manoj\.p2\pool\plugins\org.apache.commons.cli_1.6.0.jar
2024-03-23 11:10:56,243 [Worker-29: Launching mavenrun-60f784ab-5a24-42cf-a1e4-d37d8ae37627] INFO  o.eclipse.m2e.core.internal.Bundles - getClasspathEntries(Bundle=org.apache.commons.commons-codec_1.16.0 [78])
2024-03-23 11:10:56,244 [Worker-29: Launching mavenrun-60f784ab-5a24-42cf-a1e4-d37d8ae37627] INFO  o.eclipse.m2e.core.internal.Bundles - 	Entry: C:\Users\manoj\.p2\pool\plugins\org.apache.commons.commons-codec_1.16.0.jar
2024-03-23 11:10:56,244 [Worker-29: Launching mavenrun-60f784ab-5a24-42cf-a1e4-d37d8ae37627] INFO  o.eclipse.m2e.core.internal.Bundles - getClasspathEntries(Bundle=org.apache.commons.lang3_3.14.0 [86])
2024-03-23 11:10:56,244 [Worker-29: Launching mavenrun-60f784ab-5a24-42cf-a1e4-d37d8ae37627] INFO  o.eclipse.m2e.core.internal.Bundles - 	Entry: C:\Users\manoj\.p2\pool\plugins\org.apache.commons.lang3_3.14.0.jar
2024-03-23 11:10:56,244 [Worker-29: Launching mavenrun-60f784ab-5a24-42cf-a1e4-d37d8ae37627] INFO  o.eclipse.m2e.core.internal.Bundles - getClasspathEntries(Bundle=com.google.guava.failureaccess_1.0.2 [15])
2024-03-23 11:10:56,244 [Worker-29: Launching mavenrun-60f784ab-5a24-42cf-a1e4-d37d8ae37627] INFO  o.eclipse.m2e.core.internal.Bundles - 	Entry: C:\Users\manoj\.p2\pool\plugins\com.google.guava.failureaccess_1.0.2.jar
2024-03-23 11:10:56,245 [Worker-29: Launching mavenrun-60f784ab-5a24-42cf-a1e4-d37d8ae37627] INFO  o.e.m.i.launch.MavenLaunchDelegate - Run build in "C:\Users\manoj\AppData\Local\Temp\m2e-archetypeGenerator7381463641224242919":
2024-03-23 11:10:56,245 [Worker-29: Launching mavenrun-60f784ab-5a24-42cf-a1e4-d37d8ae37627] INFO  o.e.m.i.launch.MavenLaunchDelegate -  mvn  -DarchetypeGroupId=org.apache.maven.archetypes -DarchetypeArtifactId=maven-archetype-webapp -DarchetypeVersion=1.0 -DgroupId=com.Manoj -DartifactId=ServletJspDemo -Dversion=0.0.1-SNAPSHOT -Dpackage=com.Manoj.ServletJspDemo -DoutputDirectory=C:\Users\manoj\OneDrive\Desktop\Maven -Dstyle.color=always -U archetype:generate
